                                      1 ;--------------------------------------------------------
                                      2 ; File Created by SDCC : free open source ISO C Compiler 
                                      3 ; Version 4.2.2 #13350 (MINGW64)
                                      4 ;--------------------------------------------------------
                                      5 	.module PT_PlaceHolder_Cast
                                      6 	.optsdcc -msm83
                                      7 	
                                      8 ;--------------------------------------------------------
                                      9 ; Public variables in this module
                                     10 ;--------------------------------------------------------
                                     11 	.globl _Cast_Tiles
                                     12 ;--------------------------------------------------------
                                     13 ; special function registers
                                     14 ;--------------------------------------------------------
                                     15 ;--------------------------------------------------------
                                     16 ; ram data
                                     17 ;--------------------------------------------------------
                                     18 	.area _DATA
                                     19 ;--------------------------------------------------------
                                     20 ; ram data
                                     21 ;--------------------------------------------------------
                                     22 	.area _INITIALIZED
                                     23 ;--------------------------------------------------------
                                     24 ; absolute external ram data
                                     25 ;--------------------------------------------------------
                                     26 	.area _DABS (ABS)
                                     27 ;--------------------------------------------------------
                                     28 ; global & static initialisations
                                     29 ;--------------------------------------------------------
                                     30 	.area _HOME
                                     31 	.area _GSINIT
                                     32 	.area _GSFINAL
                                     33 	.area _GSINIT
                                     34 ;--------------------------------------------------------
                                     35 ; Home
                                     36 ;--------------------------------------------------------
                                     37 	.area _HOME
                                     38 	.area _HOME
                                     39 ;--------------------------------------------------------
                                     40 ; code
                                     41 ;--------------------------------------------------------
                                     42 	.area _CODE
                                     43 	.area _CODE
      000000                         44 _Cast_Tiles:
      000000 03                      45 	.db #0x03	; 3
      000001 03                      46 	.db #0x03	; 3
      000002 04                      47 	.db #0x04	; 4
      000003 07                      48 	.db #0x07	; 7
      000004 08                      49 	.db #0x08	; 8
      000005 0F                      50 	.db #0x0f	; 15
      000006 08                      51 	.db #0x08	; 8
      000007 0F                      52 	.db #0x0f	; 15
      000008 10                      53 	.db #0x10	; 16
      000009 1F                      54 	.db #0x1f	; 31
      00000A 10                      55 	.db #0x10	; 16
      00000B 1E                      56 	.db #0x1e	; 30
      00000C 22                      57 	.db #0x22	; 34
      00000D 3E                      58 	.db #0x3e	; 62
      00000E 2A                      59 	.db #0x2a	; 42
      00000F 3A                      60 	.db #0x3a	; 58
      000010 24                      61 	.db #0x24	; 36
      000011 2C                      62 	.db #0x2c	; 44
      000012 23                      63 	.db #0x23	; 35
      000013 2B                      64 	.db #0x2b	; 43
      000014 48                      65 	.db #0x48	; 72	'H'
      000015 4C                      66 	.db #0x4c	; 76	'L'
      000016 54                      67 	.db #0x54	; 84	'T'
      000017 57                      68 	.db #0x57	; 87	'W'
      000018 28                      69 	.db #0x28	; 40
      000019 29                      70 	.db #0x29	; 41
      00001A 08                      71 	.db #0x08	; 8
      00001B 08                      72 	.db #0x08	; 8
      00001C 04                      73 	.db #0x04	; 4
      00001D 07                      74 	.db #0x07	; 7
      00001E 04                      75 	.db #0x04	; 4
      00001F 07                      76 	.db #0x07	; 7
      000020 C0                      77 	.db #0xc0	; 192
      000021 C0                      78 	.db #0xc0	; 192
      000022 20                      79 	.db #0x20	; 32
      000023 E0                      80 	.db #0xe0	; 224
      000024 10                      81 	.db #0x10	; 16
      000025 F0                      82 	.db #0xf0	; 240
      000026 08                      83 	.db #0x08	; 8
      000027 78                      84 	.db #0x78	; 120	'x'
      000028 08                      85 	.db #0x08	; 8
      000029 78                      86 	.db #0x78	; 120	'x'
      00002A 08                      87 	.db #0x08	; 8
      00002B 38                      88 	.db #0x38	; 56	'8'
      00002C 48                      89 	.db #0x48	; 72	'H'
      00002D 58                      90 	.db #0x58	; 88	'X'
      00002E 48                      91 	.db #0x48	; 72	'H'
      00002F 58                      92 	.db #0x58	; 88	'X'
      000030 24                      93 	.db #0x24	; 36
      000031 34                      94 	.db #0x34	; 52	'4'
      000032 C4                      95 	.db #0xc4	; 196
      000033 C4                      96 	.db #0xc4	; 196
      000034 04                      97 	.db #0x04	; 4
      000035 24                      98 	.db #0x24	; 36
      000036 38                      99 	.db #0x38	; 56	'8'
      000037 F8                     100 	.db #0xf8	; 248
      000038 10                     101 	.db #0x10	; 16
      000039 10                     102 	.db #0x10	; 16
      00003A A0                     103 	.db #0xa0	; 160
      00003B A0                     104 	.db #0xa0	; 160
      00003C C0                     105 	.db #0xc0	; 192
      00003D C0                     106 	.db #0xc0	; 192
      00003E F0                     107 	.db #0xf0	; 240
      00003F F0                     108 	.db #0xf0	; 240
      000040 03                     109 	.db #0x03	; 3
      000041 03                     110 	.db #0x03	; 3
      000042 04                     111 	.db #0x04	; 4
      000043 07                     112 	.db #0x07	; 7
      000044 08                     113 	.db #0x08	; 8
      000045 0F                     114 	.db #0x0f	; 15
      000046 08                     115 	.db #0x08	; 8
      000047 0F                     116 	.db #0x0f	; 15
      000048 10                     117 	.db #0x10	; 16
      000049 1F                     118 	.db #0x1f	; 31
      00004A 10                     119 	.db #0x10	; 16
      00004B 1F                     120 	.db #0x1f	; 31
      00004C 20                     121 	.db #0x20	; 32
      00004D 3F                     122 	.db #0x3f	; 63
      00004E 20                     123 	.db #0x20	; 32
      00004F 3F                     124 	.db #0x3f	; 63
      000050 2A                     125 	.db #0x2a	; 42
      000051 3F                     126 	.db #0x3f	; 63
      000052 35                     127 	.db #0x35	; 53	'5'
      000053 37                     128 	.db #0x37	; 55	'7'
      000054 20                     129 	.db #0x20	; 32
      000055 27                     130 	.db #0x27	; 39
      000056 44                     131 	.db #0x44	; 68	'D'
      000057 47                     132 	.db #0x47	; 71	'G'
      000058 58                     133 	.db #0x58	; 88	'X'
      000059 59                     134 	.db #0x59	; 89	'Y'
      00005A 25                     135 	.db #0x25	; 37
      00005B 25                     136 	.db #0x25	; 37
      00005C 03                     137 	.db #0x03	; 3
      00005D 03                     138 	.db #0x03	; 3
      00005E 0F                     139 	.db #0x0f	; 15
      00005F 0F                     140 	.db #0x0f	; 15
      000060 C0                     141 	.db #0xc0	; 192
      000061 C0                     142 	.db #0xc0	; 192
      000062 20                     143 	.db #0x20	; 32
      000063 E0                     144 	.db #0xe0	; 224
      000064 10                     145 	.db #0x10	; 16
      000065 F0                     146 	.db #0xf0	; 240
      000066 08                     147 	.db #0x08	; 8
      000067 F8                     148 	.db #0xf8	; 248
      000068 08                     149 	.db #0x08	; 8
      000069 F8                     150 	.db #0xf8	; 248
      00006A 08                     151 	.db #0x08	; 8
      00006B F8                     152 	.db #0xf8	; 248
      00006C 04                     153 	.db #0x04	; 4
      00006D FC                     154 	.db #0xfc	; 252
      00006E 04                     155 	.db #0x04	; 4
      00006F FC                     156 	.db #0xfc	; 252
      000070 B4                     157 	.db #0xb4	; 180
      000071 FC                     158 	.db #0xfc	; 252
      000072 48                     159 	.db #0x48	; 72	'H'
      000073 E8                     160 	.db #0xe8	; 232
      000074 04                     161 	.db #0x04	; 4
      000075 E4                     162 	.db #0xe4	; 228
      000076 34                     163 	.db #0x34	; 52	'4'
      000077 F4                     164 	.db #0xf4	; 244
      000078 28                     165 	.db #0x28	; 40
      000079 28                     166 	.db #0x28	; 40
      00007A 10                     167 	.db #0x10	; 16
      00007B 10                     168 	.db #0x10	; 16
      00007C 10                     169 	.db #0x10	; 16
      00007D D0                     170 	.db #0xd0	; 208
      00007E 20                     171 	.db #0x20	; 32
      00007F E0                     172 	.db #0xe0	; 224
      000080 01                     173 	.db #0x01	; 1
      000081 01                     174 	.db #0x01	; 1
      000082 02                     175 	.db #0x02	; 2
      000083 03                     176 	.db #0x03	; 3
      000084 04                     177 	.db #0x04	; 4
      000085 07                     178 	.db #0x07	; 7
      000086 04                     179 	.db #0x04	; 4
      000087 07                     180 	.db #0x07	; 7
      000088 08                     181 	.db #0x08	; 8
      000089 0F                     182 	.db #0x0f	; 15
      00008A 08                     183 	.db #0x08	; 8
      00008B 0F                     184 	.db #0x0f	; 15
      00008C 10                     185 	.db #0x10	; 16
      00008D 1F                     186 	.db #0x1f	; 31
      00008E 21                     187 	.db #0x21	; 33
      00008F 3F                     188 	.db #0x3f	; 63
      000090 2B                     189 	.db #0x2b	; 43
      000091 3F                     190 	.db #0x3f	; 63
      000092 16                     191 	.db #0x16	; 22
      000093 1F                     192 	.db #0x1f	; 31
      000094 0A                     193 	.db #0x0a	; 10
      000095 0A                     194 	.db #0x0a	; 10
      000096 02                     195 	.db #0x02	; 2
      000097 02                     196 	.db #0x02	; 2
      000098 02                     197 	.db #0x02	; 2
      000099 03                     198 	.db #0x03	; 3
      00009A 01                     199 	.db #0x01	; 1
      00009B 01                     200 	.db #0x01	; 1
      00009C 01                     201 	.db #0x01	; 1
      00009D 01                     202 	.db #0x01	; 1
      00009E 03                     203 	.db #0x03	; 3
      00009F 03                     204 	.db #0x03	; 3
      0000A0 F0                     205 	.db #0xf0	; 240
      0000A1 F0                     206 	.db #0xf0	; 240
      0000A2 08                     207 	.db #0x08	; 8
      0000A3 F8                     208 	.db #0xf8	; 248
      0000A4 04                     209 	.db #0x04	; 4
      0000A5 FC                     210 	.db #0xfc	; 252
      0000A6 04                     211 	.db #0x04	; 4
      0000A7 EC                     212 	.db #0xec	; 236
      0000A8 04                     213 	.db #0x04	; 4
      0000A9 EC                     214 	.db #0xec	; 236
      0000AA 08                     215 	.db #0x08	; 8
      0000AB E8                     216 	.db #0xe8	; 232
      0000AC 28                     217 	.db #0x28	; 40
      0000AD A8                     218 	.db #0xa8	; 168
      0000AE 28                     219 	.db #0x28	; 40
      0000AF 28                     220 	.db #0x28	; 40
      0000B0 08                     221 	.db #0x08	; 8
      0000B1 08                     222 	.db #0x08	; 8
      0000B2 30                     223 	.db #0x30	; 48	'0'
      0000B3 B0                     224 	.db #0xb0	; 176
      0000B4 50                     225 	.db #0x50	; 80	'P'
      0000B5 50                     226 	.db #0x50	; 80	'P'
      0000B6 10                     227 	.db #0x10	; 16
      0000B7 30                     228 	.db #0x30	; 48	'0'
      0000B8 A0                     229 	.db #0xa0	; 160
      0000B9 A0                     230 	.db #0xa0	; 160
      0000BA 60                     231 	.db #0x60	; 96
      0000BB E0                     232 	.db #0xe0	; 224
      0000BC 20                     233 	.db #0x20	; 32
      0000BD E0                     234 	.db #0xe0	; 224
      0000BE 20                     235 	.db #0x20	; 32
      0000BF E0                     236 	.db #0xe0	; 224
      0000C0 00                     237 	.db #0x00	; 0
      0000C1 00                     238 	.db #0x00	; 0
      0000C2 01                     239 	.db #0x01	; 1
      0000C3 01                     240 	.db #0x01	; 1
      0000C4 02                     241 	.db #0x02	; 2
      0000C5 03                     242 	.db #0x03	; 3
      0000C6 04                     243 	.db #0x04	; 4
      0000C7 07                     244 	.db #0x07	; 7
      0000C8 18                     245 	.db #0x18	; 24
      0000C9 1F                     246 	.db #0x1f	; 31
      0000CA 20                     247 	.db #0x20	; 32
      0000CB 3F                     248 	.db #0x3f	; 63
      0000CC 50                     249 	.db #0x50	; 80	'P'
      0000CD 7F                     250 	.db #0x7f	; 127
      0000CE 20                     251 	.db #0x20	; 32
      0000CF 3F                     252 	.db #0x3f	; 63
      0000D0 53                     253 	.db #0x53	; 83	'S'
      0000D1 7F                     254 	.db #0x7f	; 127
      0000D2 2D                     255 	.db #0x2d	; 45
      0000D3 3D                     256 	.db #0x3d	; 61
      0000D4 12                     257 	.db #0x12	; 18
      0000D5 13                     258 	.db #0x13	; 19
      0000D6 04                     259 	.db #0x04	; 4
      0000D7 04                     260 	.db #0x04	; 4
      0000D8 08                     261 	.db #0x08	; 8
      0000D9 08                     262 	.db #0x08	; 8
      0000DA 0A                     263 	.db #0x0a	; 10
      0000DB 0B                     264 	.db #0x0b	; 11
      0000DC 11                     265 	.db #0x11	; 17
      0000DD 1D                     266 	.db #0x1d	; 29
      0000DE 7B                     267 	.db #0x7b	; 123
      0000DF 7F                     268 	.db #0x7f	; 127
      0000E0 00                     269 	.db #0x00	; 0
      0000E1 00                     270 	.db #0x00	; 0
      0000E2 F0                     271 	.db #0xf0	; 240
      0000E3 F0                     272 	.db #0xf0	; 240
      0000E4 08                     273 	.db #0x08	; 8
      0000E5 F8                     274 	.db #0xf8	; 248
      0000E6 04                     275 	.db #0x04	; 4
      0000E7 FC                     276 	.db #0xfc	; 252
      0000E8 04                     277 	.db #0x04	; 4
      0000E9 EC                     278 	.db #0xec	; 236
      0000EA 04                     279 	.db #0x04	; 4
      0000EB EC                     280 	.db #0xec	; 236
      0000EC 08                     281 	.db #0x08	; 8
      0000ED C8                     282 	.db #0xc8	; 200
      0000EE 28                     283 	.db #0x28	; 40
      0000EF A8                     284 	.db #0xa8	; 168
      0000F0 28                     285 	.db #0x28	; 40
      0000F1 28                     286 	.db #0x28	; 40
      0000F2 08                     287 	.db #0x08	; 8
      0000F3 08                     288 	.db #0x08	; 8
      0000F4 30                     289 	.db #0x30	; 48	'0'
      0000F5 B0                     290 	.db #0xb0	; 176
      0000F6 10                     291 	.db #0x10	; 16
      0000F7 F0                     292 	.db #0xf0	; 240
      0000F8 10                     293 	.db #0x10	; 16
      0000F9 F0                     294 	.db #0xf0	; 240
      0000FA 18                     295 	.db #0x18	; 24
      0000FB 98                     296 	.db #0x98	; 152
      0000FC 84                     297 	.db #0x84	; 132
      0000FD FC                     298 	.db #0xfc	; 252
      0000FE C8                     299 	.db #0xc8	; 200
      0000FF F8                     300 	.db #0xf8	; 248
      000100 06                     301 	.db #0x06	; 6
      000101 06                     302 	.db #0x06	; 6
      000102 09                     303 	.db #0x09	; 9
      000103 0F                     304 	.db #0x0f	; 15
      000104 12                     305 	.db #0x12	; 18
      000105 1F                     306 	.db #0x1f	; 31
      000106 14                     307 	.db #0x14	; 20
      000107 1F                     308 	.db #0x1f	; 31
      000108 18                     309 	.db #0x18	; 24
      000109 1C                     310 	.db #0x1c	; 28
      00010A 13                     311 	.db #0x13	; 19
      00010B 1B                     312 	.db #0x1b	; 27
      00010C 17                     313 	.db #0x17	; 23
      00010D 17                     314 	.db #0x17	; 23
      00010E 1A                     315 	.db #0x1a	; 26
      00010F 1A                     316 	.db #0x1a	; 26
      000110 2A                     317 	.db #0x2a	; 42
      000111 2A                     318 	.db #0x2a	; 42
      000112 4C                     319 	.db #0x4c	; 76	'L'
      000113 7C                     320 	.db #0x7c	; 124
      000114 5B                     321 	.db #0x5b	; 91
      000115 5F                     322 	.db #0x5f	; 95
      000116 70                     323 	.db #0x70	; 112	'p'
      000117 7D                     324 	.db #0x7d	; 125
      000118 10                     325 	.db #0x10	; 16
      000119 1F                     326 	.db #0x1f	; 31
      00011A 08                     327 	.db #0x08	; 8
      00011B 0F                     328 	.db #0x0f	; 15
      00011C 08                     329 	.db #0x08	; 8
      00011D 08                     330 	.db #0x08	; 8
      00011E 1F                     331 	.db #0x1f	; 31
      00011F 1F                     332 	.db #0x1f	; 31
      000120 60                     333 	.db #0x60	; 96
      000121 60                     334 	.db #0x60	; 96
      000122 90                     335 	.db #0x90	; 144
      000123 F0                     336 	.db #0xf0	; 240
      000124 48                     337 	.db #0x48	; 72	'H'
      000125 78                     338 	.db #0x78	; 120	'x'
      000126 28                     339 	.db #0x28	; 40
      000127 78                     340 	.db #0x78	; 120	'x'
      000128 18                     341 	.db #0x18	; 24
      000129 38                     342 	.db #0x38	; 56	'8'
      00012A C8                     343 	.db #0xc8	; 200
      00012B D8                     344 	.db #0xd8	; 216
      00012C E8                     345 	.db #0xe8	; 232
      00012D E8                     346 	.db #0xe8	; 232
      00012E 58                     347 	.db #0x58	; 88	'X'
      00012F 58                     348 	.db #0x58	; 88	'X'
      000130 54                     349 	.db #0x54	; 84	'T'
      000131 54                     350 	.db #0x54	; 84	'T'
      000132 3E                     351 	.db #0x3e	; 62
      000133 3E                     352 	.db #0x3e	; 62
      000134 D2                     353 	.db #0xd2	; 210
      000135 FE                     354 	.db #0xfe	; 254
      000136 12                     355 	.db #0x12	; 18
      000137 B2                     356 	.db #0xb2	; 178
      000138 12                     357 	.db #0x12	; 18
      000139 F2                     358 	.db #0xf2	; 242
      00013A 5C                     359 	.db #0x5c	; 92
      00013B DC                     360 	.db #0xdc	; 220
      00013C F0                     361 	.db #0xf0	; 240
      00013D F0                     362 	.db #0xf0	; 240
      00013E F8                     363 	.db #0xf8	; 248
      00013F F8                     364 	.db #0xf8	; 248
      000140 02                     365 	.db #0x02	; 2
      000141 03                     366 	.db #0x03	; 3
      000142 04                     367 	.db #0x04	; 4
      000143 04                     368 	.db #0x04	; 4
      000144 0C                     369 	.db #0x0c	; 12
      000145 0C                     370 	.db #0x0c	; 12
      000146 12                     371 	.db #0x12	; 18
      000147 1E                     372 	.db #0x1e	; 30
      000148 14                     373 	.db #0x14	; 20
      000149 1C                     374 	.db #0x1c	; 28
      00014A 15                     375 	.db #0x15	; 21
      00014B 1D                     376 	.db #0x1d	; 29
      00014C 12                     377 	.db #0x12	; 18
      00014D 1E                     378 	.db #0x1e	; 30
      00014E 39                     379 	.db #0x39	; 57	'9'
      00014F 3F                     380 	.db #0x3f	; 63
      000150 2C                     381 	.db #0x2c	; 44
      000151 2F                     382 	.db #0x2f	; 47
      000152 23                     383 	.db #0x23	; 35
      000153 3B                     384 	.db #0x3b	; 59
      000154 40                     385 	.db #0x40	; 64
      000155 78                     386 	.db #0x78	; 120	'x'
      000156 50                     387 	.db #0x50	; 80	'P'
      000157 50                     388 	.db #0x50	; 80	'P'
      000158 30                     389 	.db #0x30	; 48	'0'
      000159 30                     390 	.db #0x30	; 48	'0'
      00015A 08                     391 	.db #0x08	; 8
      00015B 0F                     392 	.db #0x0f	; 15
      00015C 08                     393 	.db #0x08	; 8
      00015D 08                     394 	.db #0x08	; 8
      00015E 1F                     395 	.db #0x1f	; 31
      00015F 1F                     396 	.db #0x1f	; 31
      000160 40                     397 	.db #0x40	; 64
      000161 40                     398 	.db #0x40	; 64
      000162 60                     399 	.db #0x60	; 96
      000163 60                     400 	.db #0x60	; 96
      000164 10                     401 	.db #0x10	; 16
      000165 30                     402 	.db #0x30	; 48	'0'
      000166 48                     403 	.db #0x48	; 72	'H'
      000167 78                     404 	.db #0x78	; 120	'x'
      000168 88                     405 	.db #0x88	; 136
      000169 B8                     406 	.db #0xb8	; 184
      00016A 48                     407 	.db #0x48	; 72	'H'
      00016B F8                     408 	.db #0xf8	; 248
      00016C 08                     409 	.db #0x08	; 8
      00016D F8                     410 	.db #0xf8	; 248
      00016E 1C                     411 	.db #0x1c	; 28
      00016F 7C                     412 	.db #0x7c	; 124
      000170 34                     413 	.db #0x34	; 52	'4'
      000171 F4                     414 	.db #0xf4	; 244
      000172 D4                     415 	.db #0xd4	; 212
      000173 DC                     416 	.db #0xdc	; 220
      000174 0C                     417 	.db #0x0c	; 12
      000175 0C                     418 	.db #0x0c	; 12
      000176 04                     419 	.db #0x04	; 4
      000177 04                     420 	.db #0x04	; 4
      000178 78                     421 	.db #0x78	; 120	'x'
      000179 78                     422 	.db #0x78	; 120	'x'
      00017A D0                     423 	.db #0xd0	; 208
      00017B D0                     424 	.db #0xd0	; 208
      00017C E0                     425 	.db #0xe0	; 224
      00017D E0                     426 	.db #0xe0	; 224
      00017E F8                     427 	.db #0xf8	; 248
      00017F F8                     428 	.db #0xf8	; 248
      000180 65                     429 	.db #0x65	; 101	'e'
      000181 65                     430 	.db #0x65	; 101	'e'
      000182 B3                     431 	.db #0xb3	; 179
      000183 B3                     432 	.db #0xb3	; 179
      000184 42                     433 	.db #0x42	; 66	'B'
      000185 43                     434 	.db #0x43	; 67	'C'
      000186 5C                     435 	.db #0x5c	; 92
      000187 5F                     436 	.db #0x5f	; 95
      000188 59                     437 	.db #0x59	; 89	'Y'
      000189 5F                     438 	.db #0x5f	; 95
      00018A 2A                     439 	.db #0x2a	; 42
      00018B 2F                     440 	.db #0x2f	; 47
      00018C 18                     441 	.db #0x18	; 24
      00018D 1C                     442 	.db #0x1c	; 28
      00018E 08                     443 	.db #0x08	; 8
      00018F 0C                     444 	.db #0x0c	; 12
      000190 07                     445 	.db #0x07	; 7
      000191 07                     446 	.db #0x07	; 7
      000192 04                     447 	.db #0x04	; 4
      000193 04                     448 	.db #0x04	; 4
      000194 08                     449 	.db #0x08	; 8
      000195 0B                     450 	.db #0x0b	; 11
      000196 08                     451 	.db #0x08	; 8
      000197 0A                     452 	.db #0x0a	; 10
      000198 08                     453 	.db #0x08	; 8
      000199 0A                     454 	.db #0x0a	; 10
      00019A 13                     455 	.db #0x13	; 19
      00019B 13                     456 	.db #0x13	; 19
      00019C 23                     457 	.db #0x23	; 35
      00019D 23                     458 	.db #0x23	; 35
      00019E 7F                     459 	.db #0x7f	; 127
      00019F 7F                     460 	.db #0x7f	; 127
      0001A0 10                     461 	.db #0x10	; 16
      0001A1 10                     462 	.db #0x10	; 16
      0001A2 A8                     463 	.db #0xa8	; 168
      0001A3 A8                     464 	.db #0xa8	; 168
      0001A4 44                     465 	.db #0x44	; 68	'D'
      0001A5 74                     466 	.db #0x74	; 116	't'
      0001A6 82                     467 	.db #0x82	; 130
      0001A7 FA                     468 	.db #0xfa	; 250
      0001A8 01                     469 	.db #0x01	; 1
      0001A9 C3                     470 	.db #0xc3	; 195
      0001AA 3D                     471 	.db #0x3d	; 61
      0001AB BD                     472 	.db #0xbd	; 189
      0001AC F6                     473 	.db #0xf6	; 246
      0001AD F6                     474 	.db #0xf6	; 246
      0001AE 94                     475 	.db #0x94	; 148
      0001AF 94                     476 	.db #0x94	; 148
      0001B0 94                     477 	.db #0x94	; 148
      0001B1 94                     478 	.db #0x94	; 148
      0001B2 C4                     479 	.db #0xc4	; 196
      0001B3 C4                     480 	.db #0xc4	; 196
      0001B4 E8                     481 	.db #0xe8	; 232
      0001B5 F8                     482 	.db #0xf8	; 248
      0001B6 44                     483 	.db #0x44	; 68	'D'
      0001B7 6C                     484 	.db #0x6c	; 108	'l'
      0001B8 44                     485 	.db #0x44	; 68	'D'
      0001B9 7C                     486 	.db #0x7c	; 124
      0001BA 08                     487 	.db #0x08	; 8
      0001BB F8                     488 	.db #0xf8	; 248
      0001BC 10                     489 	.db #0x10	; 16
      0001BD 10                     490 	.db #0x10	; 16
      0001BE F8                     491 	.db #0xf8	; 248
      0001BF F8                     492 	.db #0xf8	; 248
      0001C0 2A                     493 	.db #0x2a	; 42
      0001C1 2A                     494 	.db #0x2a	; 42
      0001C2 67                     495 	.db #0x67	; 103	'g'
      0001C3 67                     496 	.db #0x67	; 103	'g'
      0001C4 A2                     497 	.db #0xa2	; 162
      0001C5 A3                     498 	.db #0xa3	; 163
      0001C6 45                     499 	.db #0x45	; 69	'E'
      0001C7 47                     500 	.db #0x47	; 71	'G'
      0001C8 9A                     501 	.db #0x9a	; 154
      0001C9 9F                     502 	.db #0x9f	; 159
      0001CA AA                     503 	.db #0xaa	; 170
      0001CB AF                     504 	.db #0xaf	; 175
      0001CC 58                     505 	.db #0x58	; 88	'X'
      0001CD 5C                     506 	.db #0x5c	; 92
      0001CE 28                     507 	.db #0x28	; 40
      0001CF 2C                     508 	.db #0x2c	; 44
      0001D0 0B                     509 	.db #0x0b	; 11
      0001D1 0F                     510 	.db #0x0f	; 15
      0001D2 14                     511 	.db #0x14	; 20
      0001D3 14                     512 	.db #0x14	; 20
      0001D4 28                     513 	.db #0x28	; 40
      0001D5 2F                     514 	.db #0x2f	; 47
      0001D6 51                     515 	.db #0x51	; 81	'Q'
      0001D7 53                     516 	.db #0x53	; 83	'S'
      0001D8 9E                     517 	.db #0x9e	; 158
      0001D9 9F                     518 	.db #0x9f	; 159
      0001DA A8                     519 	.db #0xa8	; 168
      0001DB A9                     520 	.db #0xa9	; 169
      0001DC 44                     521 	.db #0x44	; 68	'D'
      0001DD 44                     522 	.db #0x44	; 68	'D'
      0001DE 7F                     523 	.db #0x7f	; 127
      0001DF 7F                     524 	.db #0x7f	; 127
      0001E0 28                     525 	.db #0x28	; 40
      0001E1 28                     526 	.db #0x28	; 40
      0001E2 44                     527 	.db #0x44	; 68	'D'
      0001E3 74                     528 	.db #0x74	; 116	't'
      0001E4 82                     529 	.db #0x82	; 130
      0001E5 FA                     530 	.db #0xfa	; 250
      0001E6 01                     531 	.db #0x01	; 1
      0001E7 C3                     532 	.db #0xc3	; 195
      0001E8 3D                     533 	.db #0x3d	; 61
      0001E9 BD                     534 	.db #0xbd	; 189
      0001EA 76                     535 	.db #0x76	; 118	'v'
      0001EB 76                     536 	.db #0x76	; 118	'v'
      0001EC F4                     537 	.db #0xf4	; 244
      0001ED F4                     538 	.db #0xf4	; 244
      0001EE 94                     539 	.db #0x94	; 148
      0001EF 94                     540 	.db #0x94	; 148
      0001F0 94                     541 	.db #0x94	; 148
      0001F1 94                     542 	.db #0x94	; 148
      0001F2 C4                     543 	.db #0xc4	; 196
      0001F3 C4                     544 	.db #0xc4	; 196
      0001F4 DA                     545 	.db #0xda	; 218
      0001F5 FE                     546 	.db #0xfe	; 254
      0001F6 0D                     547 	.db #0x0d	; 13
      0001F7 DD                     548 	.db #0xdd	; 221
      0001F8 0E                     549 	.db #0x0e	; 14
      0001F9 FE                     550 	.db #0xfe	; 254
      0001FA 02                     551 	.db #0x02	; 2
      0001FB E2                     552 	.db #0xe2	; 226
      0001FC E4                     553 	.db #0xe4	; 228
      0001FD E4                     554 	.db #0xe4	; 228
      0001FE FE                     555 	.db #0xfe	; 254
      0001FF FE                     556 	.db #0xfe	; 254
      000200 31                     557 	.db #0x31	; 49	'1'
      000201 31                     558 	.db #0x31	; 49	'1'
      000202 29                     559 	.db #0x29	; 41
      000203 29                     560 	.db #0x29	; 41
      000204 26                     561 	.db #0x26	; 38
      000205 37                     562 	.db #0x37	; 55	'7'
      000206 29                     563 	.db #0x29	; 41
      000207 3D                     564 	.db #0x3d	; 61
      000208 48                     565 	.db #0x48	; 72	'H'
      000209 4F                     566 	.db #0x4f	; 79	'O'
      00020A 7E                     567 	.db #0x7e	; 126
      00020B 7F                     568 	.db #0x7f	; 127
      00020C AD                     569 	.db #0xad	; 173
      00020D AD                     570 	.db #0xad	; 173
      00020E 92                     571 	.db #0x92	; 146
      00020F FE                     572 	.db #0xfe	; 254
      000210 85                     573 	.db #0x85	; 133
      000211 85                     574 	.db #0x85	; 133
      000212 86                     575 	.db #0x86	; 134
      000213 AF                     576 	.db #0xaf	; 175
      000214 98                     577 	.db #0x98	; 152
      000215 B8                     578 	.db #0xb8	; 184
      000216 A0                     579 	.db #0xa0	; 160
      000217 B8                     580 	.db #0xb8	; 184
      000218 64                     581 	.db #0x64	; 100	'd'
      000219 7E                     582 	.db #0x7e	; 126
      00021A 33                     583 	.db #0x33	; 51	'3'
      00021B 3F                     584 	.db #0x3f	; 63
      00021C 44                     585 	.db #0x44	; 68	'D'
      00021D 7C                     586 	.db #0x7c	; 124
      00021E 3E                     587 	.db #0x3e	; 62
      00021F 3E                     588 	.db #0x3e	; 62
      000220 A1                     589 	.db #0xa1	; 161
      000221 E1                     590 	.db #0xe1	; 225
      000222 61                     591 	.db #0x61	; 97	'a'
      000223 F5                     592 	.db #0xf5	; 245
      000224 19                     593 	.db #0x19	; 25
      000225 1D                     594 	.db #0x1d	; 29
      000226 05                     595 	.db #0x05	; 5
      000227 1D                     596 	.db #0x1d	; 29
      000228 26                     597 	.db #0x26	; 38
      000229 7E                     598 	.db #0x7e	; 126
      00022A C8                     599 	.db #0xc8	; 200
      00022B F8                     600 	.db #0xf8	; 248
      00022C 7C                     601 	.db #0x7c	; 124
      00022D 7C                     602 	.db #0x7c	; 124
      00022E 00                     603 	.db #0x00	; 0
      00022F 00                     604 	.db #0x00	; 0
      000230 31                     605 	.db #0x31	; 49	'1'
      000231 31                     606 	.db #0x31	; 49	'1'
      000232 29                     607 	.db #0x29	; 41
      000233 29                     608 	.db #0x29	; 41
      000234 26                     609 	.db #0x26	; 38
      000235 37                     610 	.db #0x37	; 55	'7'
      000236 20                     611 	.db #0x20	; 32
      000237 3B                     612 	.db #0x3b	; 59
      000238 40                     613 	.db #0x40	; 64
      000239 43                     614 	.db #0x43	; 67	'C'
      00023A 7C                     615 	.db #0x7c	; 124
      00023B 7F                     616 	.db #0x7f	; 127
      00023C A8                     617 	.db #0xa8	; 168
      00023D AF                     618 	.db #0xaf	; 175
      00023E 9E                     619 	.db #0x9e	; 158
      00023F FF                     620 	.db #0xff	; 255
      000240 80                     621 	.db #0x80	; 128
      000241 FF                     622 	.db #0xff	; 255
      000242 86                     623 	.db #0x86	; 134
      000243 FF                     624 	.db #0xff	; 255
      000244 88                     625 	.db #0x88	; 136
      000245 FF                     626 	.db #0xff	; 255
      000246 B8                     627 	.db #0xb8	; 184
      000247 FF                     628 	.db #0xff	; 255
      000248 64                     629 	.db #0x64	; 100	'd'
      000249 7F                     630 	.db #0x7f	; 127
      00024A 32                     631 	.db #0x32	; 50	'2'
      00024B 3E                     632 	.db #0x3e	; 62
      00024C 45                     633 	.db #0x45	; 69	'E'
      00024D 7D                     634 	.db #0x7d	; 125
      00024E 3E                     635 	.db #0x3e	; 62
      00024F 3E                     636 	.db #0x3e	; 62
      000250 01                     637 	.db #0x01	; 1
      000251 FF                     638 	.db #0xff	; 255
      000252 61                     639 	.db #0x61	; 97	'a'
      000253 FF                     640 	.db #0xff	; 255
      000254 11                     641 	.db #0x11	; 17
      000255 FF                     642 	.db #0xff	; 255
      000256 0D                     643 	.db #0x0d	; 13
      000257 FF                     644 	.db #0xff	; 255
      000258 26                     645 	.db #0x26	; 38
      000259 FE                     646 	.db #0xfe	; 254
      00025A 48                     647 	.db #0x48	; 72	'H'
      00025B F8                     648 	.db #0xf8	; 248
      00025C 3C                     649 	.db #0x3c	; 60
      00025D 7C                     650 	.db #0x7c	; 124
      00025E E0                     651 	.db #0xe0	; 224
      00025F E0                     652 	.db #0xe0	; 224
      000260 04                     653 	.db #0x04	; 4
      000261 04                     654 	.db #0x04	; 4
      000262 0F                     655 	.db #0x0f	; 15
      000263 0F                     656 	.db #0x0f	; 15
      000264 12                     657 	.db #0x12	; 18
      000265 1F                     658 	.db #0x1f	; 31
      000266 60                     659 	.db #0x60	; 96
      000267 6E                     660 	.db #0x6e	; 110	'n'
      000268 88                     661 	.db #0x88	; 136
      000269 FE                     662 	.db #0xfe	; 254
      00026A 73                     663 	.db #0x73	; 115	's'
      00026B 73                     664 	.db #0x73	; 115	's'
      00026C 44                     665 	.db #0x44	; 68	'D'
      00026D 47                     666 	.db #0x47	; 71	'G'
      00026E 38                     667 	.db #0x38	; 56	'8'
      00026F 3F                     668 	.db #0x3f	; 63
      000270 10                     669 	.db #0x10	; 16
      000271 13                     670 	.db #0x13	; 19
      000272 24                     671 	.db #0x24	; 36
      000273 3F                     672 	.db #0x3f	; 63
      000274 28                     673 	.db #0x28	; 40
      000275 2F                     674 	.db #0x2f	; 47
      000276 26                     675 	.db #0x26	; 38
      000277 27                     676 	.db #0x27	; 39
      000278 28                     677 	.db #0x28	; 40
      000279 2F                     678 	.db #0x2f	; 47
      00027A 18                     679 	.db #0x18	; 24
      00027B 1F                     680 	.db #0x1f	; 31
      00027C 04                     681 	.db #0x04	; 4
      00027D 07                     682 	.db #0x07	; 7
      00027E 0F                     683 	.db #0x0f	; 15
      00027F 0F                     684 	.db #0x0f	; 15
      000280 40                     685 	.db #0x40	; 64
      000281 40                     686 	.db #0x40	; 64
      000282 A0                     687 	.db #0xa0	; 160
      000283 A0                     688 	.db #0xa0	; 160
      000284 20                     689 	.db #0x20	; 32
      000285 60                     690 	.db #0x60	; 96
      000286 20                     691 	.db #0x20	; 32
      000287 E0                     692 	.db #0xe0	; 224
      000288 2C                     693 	.db #0x2c	; 44
      000289 2C                     694 	.db #0x2c	; 44
      00028A EA                     695 	.db #0xea	; 234
      00028B EA                     696 	.db #0xea	; 234
      00028C B2                     697 	.db #0xb2	; 178
      00028D BE                     698 	.db #0xbe	; 190
      00028E C1                     699 	.db #0xc1	; 193
      00028F C3                     700 	.db #0xc3	; 195
      000290 41                     701 	.db #0x41	; 65	'A'
      000291 D5                     702 	.db #0xd5	; 213
      000292 21                     703 	.db #0x21	; 33
      000293 F5                     704 	.db #0xf5	; 245
      000294 1D                     705 	.db #0x1d	; 29
      000295 FD                     706 	.db #0xfd	; 253
      000296 0A                     707 	.db #0x0a	; 10
      000297 FA                     708 	.db #0xfa	; 250
      000298 26                     709 	.db #0x26	; 38
      000299 FE                     710 	.db #0xfe	; 254
      00029A C1                     711 	.db #0xc1	; 193
      00029B E3                     712 	.db #0xe3	; 227
      00029C 7E                     713 	.db #0x7e	; 126
      00029D 7E                     714 	.db #0x7e	; 126
      00029E C0                     715 	.db #0xc0	; 192
      00029F C0                     716 	.db #0xc0	; 192
      0002A0 01                     717 	.db #0x01	; 1
      0002A1 01                     718 	.db #0x01	; 1
      0002A2 EE                     719 	.db #0xee	; 238
      0002A3 EE                     720 	.db #0xee	; 238
      0002A4 93                     721 	.db #0x93	; 147
      0002A5 FF                     722 	.db #0xff	; 255
      0002A6 40                     723 	.db #0x40	; 64
      0002A7 6E                     724 	.db #0x6e	; 110	'n'
      0002A8 60                     725 	.db #0x60	; 96
      0002A9 7E                     726 	.db #0x7e	; 126
      0002AA 7B                     727 	.db #0x7b	; 123
      0002AB 7B                     728 	.db #0x7b	; 123
      0002AC 72                     729 	.db #0x72	; 114	'r'
      0002AD 73                     730 	.db #0x73	; 115	's'
      0002AE 44                     731 	.db #0x44	; 68	'D'
      0002AF 4F                     732 	.db #0x4f	; 79	'O'
      0002B0 38                     733 	.db #0x38	; 56	'8'
      0002B1 3F                     734 	.db #0x3f	; 63
      0002B2 24                     735 	.db #0x24	; 36
      0002B3 3F                     736 	.db #0x3f	; 63
      0002B4 28                     737 	.db #0x28	; 40
      0002B5 2F                     738 	.db #0x2f	; 47
      0002B6 26                     739 	.db #0x26	; 38
      0002B7 27                     740 	.db #0x27	; 39
      0002B8 24                     741 	.db #0x24	; 36
      0002B9 27                     742 	.db #0x27	; 39
      0002BA 1C                     743 	.db #0x1c	; 28
      0002BB 1F                     744 	.db #0x1f	; 31
      0002BC 16                     745 	.db #0x16	; 22
      0002BD 1F                     746 	.db #0x1f	; 31
      0002BE 3F                     747 	.db #0x3f	; 63
      0002BF 3F                     748 	.db #0x3f	; 63
      0002C0 00                     749 	.db #0x00	; 0
      0002C1 00                     750 	.db #0x00	; 0
      0002C2 00                     751 	.db #0x00	; 0
      0002C3 00                     752 	.db #0x00	; 0
      0002C4 E0                     753 	.db #0xe0	; 224
      0002C5 E0                     754 	.db #0xe0	; 224
      0002C6 20                     755 	.db #0x20	; 32
      0002C7 20                     756 	.db #0x20	; 32
      0002C8 2C                     757 	.db #0x2c	; 44
      0002C9 EC                     758 	.db #0xec	; 236
      0002CA 2A                     759 	.db #0x2a	; 42
      0002CB 6A                     760 	.db #0x6a	; 106	'j'
      0002CC B2                     761 	.db #0xb2	; 178
      0002CD BE                     762 	.db #0xbe	; 190
      0002CE C1                     763 	.db #0xc1	; 193
      0002CF E3                     764 	.db #0xe3	; 227
      0002D0 41                     765 	.db #0x41	; 65	'A'
      0002D1 D5                     766 	.db #0xd5	; 213
      0002D2 21                     767 	.db #0x21	; 33
      0002D3 F5                     768 	.db #0xf5	; 245
      0002D4 1D                     769 	.db #0x1d	; 29
      0002D5 FD                     770 	.db #0xfd	; 253
      0002D6 0A                     771 	.db #0x0a	; 10
      0002D7 FA                     772 	.db #0xfa	; 250
      0002D8 26                     773 	.db #0x26	; 38
      0002D9 FE                     774 	.db #0xfe	; 254
      0002DA 61                     775 	.db #0x61	; 97	'a'
      0002DB F3                     776 	.db #0xf3	; 243
      0002DC 3E                     777 	.db #0x3e	; 62
      0002DD FE                     778 	.db #0xfe	; 254
      0002DE F0                     779 	.db #0xf0	; 240
      0002DF F0                     780 	.db #0xf0	; 240
      0002E0 00                     781 	.db #0x00	; 0
      0002E1 00                     782 	.db #0x00	; 0
      0002E2 00                     783 	.db #0x00	; 0
      0002E3 00                     784 	.db #0x00	; 0
      0002E4 00                     785 	.db #0x00	; 0
      0002E5 00                     786 	.db #0x00	; 0
      0002E6 00                     787 	.db #0x00	; 0
      0002E7 00                     788 	.db #0x00	; 0
      0002E8 00                     789 	.db #0x00	; 0
      0002E9 00                     790 	.db #0x00	; 0
      0002EA 00                     791 	.db #0x00	; 0
      0002EB 00                     792 	.db #0x00	; 0
      0002EC 00                     793 	.db #0x00	; 0
      0002ED 00                     794 	.db #0x00	; 0
      0002EE 00                     795 	.db #0x00	; 0
      0002EF 00                     796 	.db #0x00	; 0
                                    797 	.area _INITIALIZER
                                    798 	.area _CABS (ABS)
