                                      1 ;--------------------------------------------------------
                                      2 ; File Created by SDCC : free open source ISO C Compiler 
                                      3 ; Version 4.2.2 #13350 (MINGW64)
                                      4 ;--------------------------------------------------------
                                      5 	.module PT_Tiles
                                      6 	.optsdcc -msm83
                                      7 	
                                      8 ;--------------------------------------------------------
                                      9 ; Public variables in this module
                                     10 ;--------------------------------------------------------
                                     11 	.globl _TileLabel
                                     12 ;--------------------------------------------------------
                                     13 ; special function registers
                                     14 ;--------------------------------------------------------
                                     15 ;--------------------------------------------------------
                                     16 ; ram data
                                     17 ;--------------------------------------------------------
                                     18 	.area _DATA
                                     19 ;--------------------------------------------------------
                                     20 ; ram data
                                     21 ;--------------------------------------------------------
                                     22 	.area _INITIALIZED
                                     23 ;--------------------------------------------------------
                                     24 ; absolute external ram data
                                     25 ;--------------------------------------------------------
                                     26 	.area _DABS (ABS)
                                     27 ;--------------------------------------------------------
                                     28 ; global & static initialisations
                                     29 ;--------------------------------------------------------
                                     30 	.area _HOME
                                     31 	.area _GSINIT
                                     32 	.area _GSFINAL
                                     33 	.area _GSINIT
                                     34 ;--------------------------------------------------------
                                     35 ; Home
                                     36 ;--------------------------------------------------------
                                     37 	.area _HOME
                                     38 	.area _HOME
                                     39 ;--------------------------------------------------------
                                     40 ; code
                                     41 ;--------------------------------------------------------
                                     42 	.area _CODE
                                     43 	.area _CODE
      000000                         44 _TileLabel:
      000000 00                      45 	.db #0x00	; 0
      000001 00                      46 	.db #0x00	; 0
      000002 00                      47 	.db #0x00	; 0
      000003 00                      48 	.db #0x00	; 0
      000004 00                      49 	.db #0x00	; 0
      000005 00                      50 	.db #0x00	; 0
      000006 00                      51 	.db #0x00	; 0
      000007 00                      52 	.db #0x00	; 0
      000008 00                      53 	.db #0x00	; 0
      000009 00                      54 	.db #0x00	; 0
      00000A 00                      55 	.db #0x00	; 0
      00000B 00                      56 	.db #0x00	; 0
      00000C 00                      57 	.db #0x00	; 0
      00000D 00                      58 	.db #0x00	; 0
      00000E 00                      59 	.db #0x00	; 0
      00000F 00                      60 	.db #0x00	; 0
      000010 FF                      61 	.db #0xff	; 255
      000011 00                      62 	.db #0x00	; 0
      000012 FF                      63 	.db #0xff	; 255
      000013 00                      64 	.db #0x00	; 0
      000014 FF                      65 	.db #0xff	; 255
      000015 00                      66 	.db #0x00	; 0
      000016 FF                      67 	.db #0xff	; 255
      000017 00                      68 	.db #0x00	; 0
      000018 FF                      69 	.db #0xff	; 255
      000019 00                      70 	.db #0x00	; 0
      00001A FF                      71 	.db #0xff	; 255
      00001B 00                      72 	.db #0x00	; 0
      00001C FF                      73 	.db #0xff	; 255
      00001D 00                      74 	.db #0x00	; 0
      00001E FF                      75 	.db #0xff	; 255
      00001F 00                      76 	.db #0x00	; 0
      000020 00                      77 	.db #0x00	; 0
      000021 FF                      78 	.db #0xff	; 255
      000022 00                      79 	.db #0x00	; 0
      000023 FF                      80 	.db #0xff	; 255
      000024 00                      81 	.db #0x00	; 0
      000025 FF                      82 	.db #0xff	; 255
      000026 00                      83 	.db #0x00	; 0
      000027 FF                      84 	.db #0xff	; 255
      000028 00                      85 	.db #0x00	; 0
      000029 FF                      86 	.db #0xff	; 255
      00002A 00                      87 	.db #0x00	; 0
      00002B FF                      88 	.db #0xff	; 255
      00002C 00                      89 	.db #0x00	; 0
      00002D FF                      90 	.db #0xff	; 255
      00002E 00                      91 	.db #0x00	; 0
      00002F FF                      92 	.db #0xff	; 255
      000030 FF                      93 	.db #0xff	; 255
      000031 FF                      94 	.db #0xff	; 255
      000032 FF                      95 	.db #0xff	; 255
      000033 FF                      96 	.db #0xff	; 255
      000034 FF                      97 	.db #0xff	; 255
      000035 FF                      98 	.db #0xff	; 255
      000036 FF                      99 	.db #0xff	; 255
      000037 FF                     100 	.db #0xff	; 255
      000038 FF                     101 	.db #0xff	; 255
      000039 FF                     102 	.db #0xff	; 255
      00003A FF                     103 	.db #0xff	; 255
      00003B FF                     104 	.db #0xff	; 255
      00003C FF                     105 	.db #0xff	; 255
      00003D FF                     106 	.db #0xff	; 255
      00003E FF                     107 	.db #0xff	; 255
      00003F FF                     108 	.db #0xff	; 255
      000040 0F                     109 	.db #0x0f	; 15
      000041 0F                     110 	.db #0x0f	; 15
      000042 30                     111 	.db #0x30	; 48	'0'
      000043 30                     112 	.db #0x30	; 48	'0'
      000044 40                     113 	.db #0x40	; 64
      000045 40                     114 	.db #0x40	; 64
      000046 40                     115 	.db #0x40	; 64
      000047 40                     116 	.db #0x40	; 64
      000048 30                     117 	.db #0x30	; 48	'0'
      000049 70                     118 	.db #0x70	; 112	'p'
      00004A 6F                     119 	.db #0x6f	; 111	'o'
      00004B 4F                     120 	.db #0x4f	; 79	'O'
      00004C 13                     121 	.db #0x13	; 19
      00004D 30                     122 	.db #0x30	; 48	'0'
      00004E 1E                     123 	.db #0x1e	; 30
      00004F 13                     124 	.db #0x13	; 19
      000050 12                     125 	.db #0x12	; 18
      000051 12                     126 	.db #0x12	; 18
      000052 12                     127 	.db #0x12	; 18
      000053 12                     128 	.db #0x12	; 18
      000054 12                     129 	.db #0x12	; 18
      000055 12                     130 	.db #0x12	; 18
      000056 32                     131 	.db #0x32	; 50	'2'
      000057 32                     132 	.db #0x32	; 50	'2'
      000058 72                     133 	.db #0x72	; 114	'r'
      000059 52                     134 	.db #0x52	; 82	'R'
      00005A 4F                     135 	.db #0x4f	; 79	'O'
      00005B 42                     136 	.db #0x42	; 66	'B'
      00005C 30                     137 	.db #0x30	; 48	'0'
      00005D 30                     138 	.db #0x30	; 48	'0'
      00005E 0F                     139 	.db #0x0f	; 15
      00005F 0F                     140 	.db #0x0f	; 15
      000060 F0                     141 	.db #0xf0	; 240
      000061 F0                     142 	.db #0xf0	; 240
      000062 0C                     143 	.db #0x0c	; 12
      000063 0C                     144 	.db #0x0c	; 12
      000064 02                     145 	.db #0x02	; 2
      000065 02                     146 	.db #0x02	; 2
      000066 02                     147 	.db #0x02	; 2
      000067 02                     148 	.db #0x02	; 2
      000068 0C                     149 	.db #0x0c	; 12
      000069 0E                     150 	.db #0x0e	; 14
      00006A FE                     151 	.db #0xfe	; 254
      00006B F2                     152 	.db #0xf2	; 242
      00006C F8                     153 	.db #0xf8	; 248
      00006D 0C                     154 	.db #0x0c	; 12
      00006E 58                     155 	.db #0x58	; 88	'X'
      00006F F8                     156 	.db #0xf8	; 248
      000070 58                     157 	.db #0x58	; 88	'X'
      000071 58                     158 	.db #0x58	; 88	'X'
      000072 58                     159 	.db #0x58	; 88	'X'
      000073 58                     160 	.db #0x58	; 88	'X'
      000074 58                     161 	.db #0x58	; 88	'X'
      000075 58                     162 	.db #0x58	; 88	'X'
      000076 5C                     163 	.db #0x5c	; 92
      000077 5C                     164 	.db #0x5c	; 92
      000078 5A                     165 	.db #0x5a	; 90	'Z'
      000079 5E                     166 	.db #0x5e	; 94
      00007A F2                     167 	.db #0xf2	; 242
      00007B 5E                     168 	.db #0x5e	; 94
      00007C 1C                     169 	.db #0x1c	; 28
      00007D 0C                     170 	.db #0x0c	; 12
      00007E F0                     171 	.db #0xf0	; 240
      00007F F0                     172 	.db #0xf0	; 240
      000080 40                     173 	.db #0x40	; 64
      000081 00                     174 	.db #0x00	; 0
      000082 40                     175 	.db #0x40	; 64
      000083 40                     176 	.db #0x40	; 64
      000084 47                     177 	.db #0x47	; 71	'G'
      000085 47                     178 	.db #0x47	; 71	'G'
      000086 1B                     179 	.db #0x1b	; 27
      000087 19                     180 	.db #0x19	; 25
      000088 7F                     181 	.db #0x7f	; 127
      000089 3F                     182 	.db #0x3f	; 63
      00008A FE                     183 	.db #0xfe	; 254
      00008B 44                     184 	.db #0x44	; 68	'D'
      00008C A8                     185 	.db #0xa8	; 168
      00008D A8                     186 	.db #0xa8	; 168
      00008E 90                     187 	.db #0x90	; 144
      00008F 98                     188 	.db #0x98	; 152
      000090 B8                     189 	.db #0xb8	; 184
      000091 A8                     190 	.db #0xa8	; 168
      000092 C6                     191 	.db #0xc6	; 198
      000093 C4                     192 	.db #0xc4	; 196
      000094 7B                     193 	.db #0x7b	; 123
      000095 7F                     194 	.db #0x7f	; 127
      000096 62                     195 	.db #0x62	; 98	'b'
      000097 22                     196 	.db #0x22	; 34
      000098 1D                     197 	.db #0x1d	; 29
      000099 19                     198 	.db #0x19	; 25
      00009A 4F                     199 	.db #0x4f	; 79	'O'
      00009B 07                     200 	.db #0x07	; 7
      00009C 40                     201 	.db #0x40	; 64
      00009D 40                     202 	.db #0x40	; 64
      00009E 40                     203 	.db #0x40	; 64
      00009F 40                     204 	.db #0x40	; 64
      0000A0 02                     205 	.db #0x02	; 2
      0000A1 00                     206 	.db #0x00	; 0
      0000A2 02                     207 	.db #0x02	; 2
      0000A3 02                     208 	.db #0x02	; 2
      0000A4 F2                     209 	.db #0xf2	; 242
      0000A5 E2                     210 	.db #0xe2	; 226
      0000A6 D8                     211 	.db #0xd8	; 216
      0000A7 98                     212 	.db #0x98	; 152
      0000A8 FE                     213 	.db #0xfe	; 254
      0000A9 FC                     214 	.db #0xfc	; 252
      0000AA 7F                     215 	.db #0x7f	; 127
      0000AB 22                     216 	.db #0x22	; 34
      0000AC 15                     217 	.db #0x15	; 21
      0000AD 15                     218 	.db #0x15	; 21
      0000AE 09                     219 	.db #0x09	; 9
      0000AF 19                     220 	.db #0x19	; 25
      0000B0 1D                     221 	.db #0x1d	; 29
      0000B1 15                     222 	.db #0x15	; 21
      0000B2 63                     223 	.db #0x63	; 99	'c'
      0000B3 23                     224 	.db #0x23	; 35
      0000B4 DE                     225 	.db #0xde	; 222
      0000B5 FE                     226 	.db #0xfe	; 254
      0000B6 46                     227 	.db #0x46	; 70	'F'
      0000B7 44                     228 	.db #0x44	; 68	'D'
      0000B8 B8                     229 	.db #0xb8	; 184
      0000B9 98                     230 	.db #0x98	; 152
      0000BA F2                     231 	.db #0xf2	; 242
      0000BB E0                     232 	.db #0xe0	; 224
      0000BC 02                     233 	.db #0x02	; 2
      0000BD 02                     234 	.db #0x02	; 2
      0000BE 02                     235 	.db #0x02	; 2
      0000BF 02                     236 	.db #0x02	; 2
      0000C0 CE                     237 	.db #0xce	; 206
      0000C1 FF                     238 	.db #0xff	; 255
      0000C2 03                     239 	.db #0x03	; 3
      0000C3 FF                     240 	.db #0xff	; 255
      0000C4 17                     241 	.db #0x17	; 23
      0000C5 FF                     242 	.db #0xff	; 255
      0000C6 2B                     243 	.db #0x2b	; 43
      0000C7 FF                     244 	.db #0xff	; 255
      0000C8 97                     245 	.db #0x97	; 151
      0000C9 FF                     246 	.db #0xff	; 255
      0000CA F9                     247 	.db #0xf9	; 249
      0000CB FF                     248 	.db #0xff	; 255
      0000CC 52                     249 	.db #0x52	; 82	'R'
      0000CD FF                     250 	.db #0xff	; 255
      0000CE A6                     251 	.db #0xa6	; 166
      0000CF FF                     252 	.db #0xff	; 255
      0000D0 79                     253 	.db #0x79	; 121	'y'
      0000D1 FF                     254 	.db #0xff	; 255
      0000D2 C7                     255 	.db #0xc7	; 199
      0000D3 FF                     256 	.db #0xff	; 255
      0000D4 93                     257 	.db #0x93	; 147
      0000D5 FF                     258 	.db #0xff	; 255
      0000D6 01                     259 	.db #0x01	; 1
      0000D7 FF                     260 	.db #0xff	; 255
      0000D8 A9                     261 	.db #0xa9	; 169
      0000D9 FF                     262 	.db #0xff	; 255
      0000DA 15                     263 	.db #0x15	; 21
      0000DB FF                     264 	.db #0xff	; 255
      0000DC BB                     265 	.db #0xbb	; 187
      0000DD FF                     266 	.db #0xff	; 255
      0000DE 56                     267 	.db #0x56	; 86	'V'
      0000DF FF                     268 	.db #0xff	; 255
      0000E0 3D                     269 	.db #0x3d	; 61
      0000E1 FF                     270 	.db #0xff	; 255
      0000E2 65                     271 	.db #0x65	; 101	'e'
      0000E3 FF                     272 	.db #0xff	; 255
      0000E4 C3                     273 	.db #0xc3	; 195
      0000E5 FF                     274 	.db #0xff	; 255
      0000E6 89                     275 	.db #0x89	; 137
      0000E7 FF                     276 	.db #0xff	; 255
      0000E8 95                     277 	.db #0x95	; 149
      0000E9 FF                     278 	.db #0xff	; 255
      0000EA 4B                     279 	.db #0x4b	; 75	'K'
      0000EB FF                     280 	.db #0xff	; 255
      0000EC EE                     281 	.db #0xee	; 238
      0000ED FF                     282 	.db #0xff	; 255
      0000EE 9C                     283 	.db #0x9c	; 156
      0000EF FF                     284 	.db #0xff	; 255
      0000F0 0F                     285 	.db #0x0f	; 15
      0000F1 FF                     286 	.db #0xff	; 255
      0000F2 93                     287 	.db #0x93	; 147
      0000F3 FF                     288 	.db #0xff	; 255
      0000F4 E5                     289 	.db #0xe5	; 229
      0000F5 FF                     290 	.db #0xff	; 255
      0000F6 6D                     291 	.db #0x6d	; 109	'm'
      0000F7 FF                     292 	.db #0xff	; 255
      0000F8 97                     293 	.db #0x97	; 151
      0000F9 FF                     294 	.db #0xff	; 255
      0000FA 2D                     295 	.db #0x2d	; 45
      0000FB FF                     296 	.db #0xff	; 255
      0000FC 6A                     297 	.db #0x6a	; 106	'j'
      0000FD FF                     298 	.db #0xff	; 255
      0000FE 9D                     299 	.db #0x9d	; 157
      0000FF FF                     300 	.db #0xff	; 255
      000100 FF                     301 	.db #0xff	; 255
      000101 FF                     302 	.db #0xff	; 255
      000102 C0                     303 	.db #0xc0	; 192
      000103 80                     304 	.db #0x80	; 128
      000104 40                     305 	.db #0x40	; 64
      000105 40                     306 	.db #0x40	; 64
      000106 40                     307 	.db #0x40	; 64
      000107 40                     308 	.db #0x40	; 64
      000108 7F                     309 	.db #0x7f	; 127
      000109 20                     310 	.db #0x20	; 32
      00010A 3F                     311 	.db #0x3f	; 63
      00010B 3F                     312 	.db #0x3f	; 63
      00010C 10                     313 	.db #0x10	; 16
      00010D 10                     314 	.db #0x10	; 16
      00010E 10                     315 	.db #0x10	; 16
      00010F 10                     316 	.db #0x10	; 16
      000110 18                     317 	.db #0x18	; 24
      000111 08                     318 	.db #0x08	; 8
      000112 0F                     319 	.db #0x0f	; 15
      000113 08                     320 	.db #0x08	; 8
      000114 07                     321 	.db #0x07	; 7
      000115 07                     322 	.db #0x07	; 7
      000116 04                     323 	.db #0x04	; 4
      000117 04                     324 	.db #0x04	; 4
      000118 06                     325 	.db #0x06	; 6
      000119 02                     326 	.db #0x02	; 2
      00011A 02                     327 	.db #0x02	; 2
      00011B 02                     328 	.db #0x02	; 2
      00011C 01                     329 	.db #0x01	; 1
      00011D 01                     330 	.db #0x01	; 1
      00011E 01                     331 	.db #0x01	; 1
      00011F 01                     332 	.db #0x01	; 1
      000120 FF                     333 	.db #0xff	; 255
      000121 FF                     334 	.db #0xff	; 255
      000122 03                     335 	.db #0x03	; 3
      000123 01                     336 	.db #0x01	; 1
      000124 02                     337 	.db #0x02	; 2
      000125 02                     338 	.db #0x02	; 2
      000126 02                     339 	.db #0x02	; 2
      000127 02                     340 	.db #0x02	; 2
      000128 FE                     341 	.db #0xfe	; 254
      000129 04                     342 	.db #0x04	; 4
      00012A FC                     343 	.db #0xfc	; 252
      00012B FC                     344 	.db #0xfc	; 252
      00012C 08                     345 	.db #0x08	; 8
      00012D 08                     346 	.db #0x08	; 8
      00012E 08                     347 	.db #0x08	; 8
      00012F 08                     348 	.db #0x08	; 8
      000130 18                     349 	.db #0x18	; 24
      000131 10                     350 	.db #0x10	; 16
      000132 F0                     351 	.db #0xf0	; 240
      000133 10                     352 	.db #0x10	; 16
      000134 E0                     353 	.db #0xe0	; 224
      000135 E0                     354 	.db #0xe0	; 224
      000136 20                     355 	.db #0x20	; 32
      000137 20                     356 	.db #0x20	; 32
      000138 60                     357 	.db #0x60	; 96
      000139 40                     358 	.db #0x40	; 64
      00013A 40                     359 	.db #0x40	; 64
      00013B 40                     360 	.db #0x40	; 64
      00013C 80                     361 	.db #0x80	; 128
      00013D 80                     362 	.db #0x80	; 128
      00013E 80                     363 	.db #0x80	; 128
      00013F 80                     364 	.db #0x80	; 128
      000140 FF                     365 	.db #0xff	; 255
      000141 FF                     366 	.db #0xff	; 255
      000142 FC                     367 	.db #0xfc	; 252
      000143 FF                     368 	.db #0xff	; 255
      000144 F0                     369 	.db #0xf0	; 240
      000145 FF                     370 	.db #0xff	; 255
      000146 E0                     371 	.db #0xe0	; 224
      000147 FF                     372 	.db #0xff	; 255
      000148 C0                     373 	.db #0xc0	; 192
      000149 F3                     374 	.db #0xf3	; 243
      00014A C0                     375 	.db #0xc0	; 192
      00014B E7                     376 	.db #0xe7	; 231
      00014C 80                     377 	.db #0x80	; 128
      00014D E7                     378 	.db #0xe7	; 231
      00014E 80                     379 	.db #0x80	; 128
      00014F EF                     380 	.db #0xef	; 239
      000150 80                     381 	.db #0x80	; 128
      000151 FF                     382 	.db #0xff	; 255
      000152 80                     383 	.db #0x80	; 128
      000153 FF                     384 	.db #0xff	; 255
      000154 80                     385 	.db #0x80	; 128
      000155 FF                     386 	.db #0xff	; 255
      000156 C0                     387 	.db #0xc0	; 192
      000157 FF                     388 	.db #0xff	; 255
      000158 C8                     389 	.db #0xc8	; 200
      000159 F7                     390 	.db #0xf7	; 247
      00015A E7                     391 	.db #0xe7	; 231
      00015B F8                     392 	.db #0xf8	; 248
      00015C F1                     393 	.db #0xf1	; 241
      00015D FE                     394 	.db #0xfe	; 254
      00015E FC                     395 	.db #0xfc	; 252
      00015F FF                     396 	.db #0xff	; 255
      000160 FF                     397 	.db #0xff	; 255
      000161 FF                     398 	.db #0xff	; 255
      000162 3F                     399 	.db #0x3f	; 63
      000163 FF                     400 	.db #0xff	; 255
      000164 0F                     401 	.db #0x0f	; 15
      000165 FF                     402 	.db #0xff	; 255
      000166 27                     403 	.db #0x27	; 39
      000167 DF                     404 	.db #0xdf	; 223
      000168 13                     405 	.db #0x13	; 19
      000169 EF                     406 	.db #0xef	; 239
      00016A 0B                     407 	.db #0x0b	; 11
      00016B F7                     408 	.db #0xf7	; 247
      00016C 09                     409 	.db #0x09	; 9
      00016D F7                     410 	.db #0xf7	; 247
      00016E 0D                     411 	.db #0x0d	; 13
      00016F F3                     412 	.db #0xf3	; 243
      000170 0D                     413 	.db #0x0d	; 13
      000171 F3                     414 	.db #0xf3	; 243
      000172 0D                     415 	.db #0x0d	; 13
      000173 F3                     416 	.db #0xf3	; 243
      000174 0D                     417 	.db #0x0d	; 13
      000175 F3                     418 	.db #0xf3	; 243
      000176 1B                     419 	.db #0x1b	; 27
      000177 E7                     420 	.db #0xe7	; 231
      000178 7B                     421 	.db #0x7b	; 123
      000179 87                     422 	.db #0x87	; 135
      00017A F7                     423 	.db #0xf7	; 247
      00017B 0F                     424 	.db #0x0f	; 15
      00017C CF                     425 	.db #0xcf	; 207
      00017D 3F                     426 	.db #0x3f	; 63
      00017E 3F                     427 	.db #0x3f	; 63
      00017F FF                     428 	.db #0xff	; 255
      000180 FF                     429 	.db #0xff	; 255
      000181 FF                     430 	.db #0xff	; 255
      000182 87                     431 	.db #0x87	; 135
      000183 87                     432 	.db #0x87	; 135
      000184 B7                     433 	.db #0xb7	; 183
      000185 8F                     434 	.db #0x8f	; 143
      000186 BF                     435 	.db #0xbf	; 191
      000187 8F                     436 	.db #0x8f	; 143
      000188 BF                     437 	.db #0xbf	; 191
      000189 8F                     438 	.db #0x8f	; 143
      00018A BF                     439 	.db #0xbf	; 191
      00018B 8F                     440 	.db #0x8f	; 143
      00018C F7                     441 	.db #0xf7	; 247
      00018D CF                     442 	.db #0xcf	; 207
      00018E DF                     443 	.db #0xdf	; 223
      00018F C7                     444 	.db #0xc7	; 199
      000190 DF                     445 	.db #0xdf	; 223
      000191 C7                     446 	.db #0xc7	; 199
      000192 FF                     447 	.db #0xff	; 255
      000193 E7                     448 	.db #0xe7	; 231
      000194 FF                     449 	.db #0xff	; 255
      000195 E7                     450 	.db #0xe7	; 231
      000196 EF                     451 	.db #0xef	; 239
      000197 E7                     452 	.db #0xe7	; 231
      000198 FB                     453 	.db #0xfb	; 251
      000199 F7                     454 	.db #0xf7	; 247
      00019A F7                     455 	.db #0xf7	; 247
      00019B F3                     456 	.db #0xf3	; 243
      00019C FB                     457 	.db #0xfb	; 251
      00019D F9                     458 	.db #0xf9	; 249
      00019E FF                     459 	.db #0xff	; 255
      00019F FF                     460 	.db #0xff	; 255
      0001A0 FF                     461 	.db #0xff	; 255
      0001A1 FF                     462 	.db #0xff	; 255
      0001A2 E1                     463 	.db #0xe1	; 225
      0001A3 E1                     464 	.db #0xe1	; 225
      0001A4 ED                     465 	.db #0xed	; 237
      0001A5 F1                     466 	.db #0xf1	; 241
      0001A6 FD                     467 	.db #0xfd	; 253
      0001A7 F1                     468 	.db #0xf1	; 241
      0001A8 FD                     469 	.db #0xfd	; 253
      0001A9 F1                     470 	.db #0xf1	; 241
      0001AA FD                     471 	.db #0xfd	; 253
      0001AB F1                     472 	.db #0xf1	; 241
      0001AC EF                     473 	.db #0xef	; 239
      0001AD F3                     474 	.db #0xf3	; 243
      0001AE FB                     475 	.db #0xfb	; 251
      0001AF E3                     476 	.db #0xe3	; 227
      0001B0 FB                     477 	.db #0xfb	; 251
      0001B1 E3                     478 	.db #0xe3	; 227
      0001B2 FF                     479 	.db #0xff	; 255
      0001B3 E7                     480 	.db #0xe7	; 231
      0001B4 FF                     481 	.db #0xff	; 255
      0001B5 E7                     482 	.db #0xe7	; 231
      0001B6 F7                     483 	.db #0xf7	; 247
      0001B7 E7                     484 	.db #0xe7	; 231
      0001B8 DF                     485 	.db #0xdf	; 223
      0001B9 EF                     486 	.db #0xef	; 239
      0001BA EF                     487 	.db #0xef	; 239
      0001BB CF                     488 	.db #0xcf	; 207
      0001BC DF                     489 	.db #0xdf	; 223
      0001BD 9F                     490 	.db #0x9f	; 159
      0001BE FF                     491 	.db #0xff	; 255
      0001BF FF                     492 	.db #0xff	; 255
      0001C0 00                     493 	.db #0x00	; 0
      0001C1 00                     494 	.db #0x00	; 0
      0001C2 00                     495 	.db #0x00	; 0
      0001C3 00                     496 	.db #0x00	; 0
      0001C4 31                     497 	.db #0x31	; 49	'1'
      0001C5 00                     498 	.db #0x00	; 0
      0001C6 0A                     499 	.db #0x0a	; 10
      0001C7 00                     500 	.db #0x00	; 0
      0001C8 0A                     501 	.db #0x0a	; 10
      0001C9 00                     502 	.db #0x00	; 0
      0001CA 02                     503 	.db #0x02	; 2
      0001CB 00                     504 	.db #0x00	; 0
      0001CC 00                     505 	.db #0x00	; 0
      0001CD 00                     506 	.db #0x00	; 0
      0001CE 00                     507 	.db #0x00	; 0
      0001CF 00                     508 	.db #0x00	; 0
      0001D0 00                     509 	.db #0x00	; 0
      0001D1 00                     510 	.db #0x00	; 0
      0001D2 80                     511 	.db #0x80	; 128
      0001D3 00                     512 	.db #0x00	; 0
      0001D4 50                     513 	.db #0x50	; 80	'P'
      0001D5 00                     514 	.db #0x00	; 0
      0001D6 40                     515 	.db #0x40	; 64
      0001D7 00                     516 	.db #0x00	; 0
      0001D8 00                     517 	.db #0x00	; 0
      0001D9 00                     518 	.db #0x00	; 0
      0001DA 03                     519 	.db #0x03	; 3
      0001DB 00                     520 	.db #0x00	; 0
      0001DC 00                     521 	.db #0x00	; 0
      0001DD 00                     522 	.db #0x00	; 0
      0001DE 00                     523 	.db #0x00	; 0
      0001DF 00                     524 	.db #0x00	; 0
      0001E0 00                     525 	.db #0x00	; 0
      0001E1 00                     526 	.db #0x00	; 0
      0001E2 00                     527 	.db #0x00	; 0
      0001E3 00                     528 	.db #0x00	; 0
      0001E4 00                     529 	.db #0x00	; 0
      0001E5 00                     530 	.db #0x00	; 0
      0001E6 00                     531 	.db #0x00	; 0
      0001E7 00                     532 	.db #0x00	; 0
      0001E8 40                     533 	.db #0x40	; 64
      0001E9 00                     534 	.db #0x00	; 0
      0001EA 08                     535 	.db #0x08	; 8
      0001EB 00                     536 	.db #0x00	; 0
      0001EC 0A                     537 	.db #0x0a	; 10
      0001ED 00                     538 	.db #0x00	; 0
      0001EE 08                     539 	.db #0x08	; 8
      0001EF 00                     540 	.db #0x00	; 0
      0001F0 00                     541 	.db #0x00	; 0
      0001F1 00                     542 	.db #0x00	; 0
      0001F2 00                     543 	.db #0x00	; 0
      0001F3 00                     544 	.db #0x00	; 0
      0001F4 00                     545 	.db #0x00	; 0
      0001F5 00                     546 	.db #0x00	; 0
      0001F6 40                     547 	.db #0x40	; 64
      0001F7 00                     548 	.db #0x00	; 0
      0001F8 20                     549 	.db #0x20	; 32
      0001F9 00                     550 	.db #0x00	; 0
      0001FA 24                     551 	.db #0x24	; 36
      0001FB 00                     552 	.db #0x00	; 0
      0001FC A0                     553 	.db #0xa0	; 160
      0001FD 00                     554 	.db #0x00	; 0
      0001FE 00                     555 	.db #0x00	; 0
      0001FF 00                     556 	.db #0x00	; 0
      000200 27                     557 	.db #0x27	; 39
      000201 D8                     558 	.db #0xd8	; 216
      000202 FB                     559 	.db #0xfb	; 251
      000203 04                     560 	.db #0x04	; 4
      000204 FC                     561 	.db #0xfc	; 252
      000205 03                     562 	.db #0x03	; 3
      000206 FD                     563 	.db #0xfd	; 253
      000207 02                     564 	.db #0x02	; 2
      000208 FF                     565 	.db #0xff	; 255
      000209 00                     566 	.db #0x00	; 0
      00020A F8                     567 	.db #0xf8	; 248
      00020B 07                     568 	.db #0x07	; 7
      00020C F7                     569 	.db #0xf7	; 247
      00020D 08                     570 	.db #0x08	; 8
      00020E CF                     571 	.db #0xcf	; 207
      00020F 30                     572 	.db #0x30	; 48	'0'
      000210 B7                     573 	.db #0xb7	; 183
      000211 48                     574 	.db #0x48	; 72	'H'
      000212 7F                     575 	.db #0x7f	; 127
      000213 80                     576 	.db #0x80	; 128
      000214 7F                     577 	.db #0x7f	; 127
      000215 80                     578 	.db #0x80	; 128
      000216 7F                     579 	.db #0x7f	; 127
      000217 80                     580 	.db #0x80	; 128
      000218 BF                     581 	.db #0xbf	; 191
      000219 40                     582 	.db #0x40	; 64
      00021A BF                     583 	.db #0xbf	; 191
      00021B 40                     584 	.db #0x40	; 64
      00021C CD                     585 	.db #0xcd	; 205
      00021D 32                     586 	.db #0x32	; 50	'2'
      00021E 73                     587 	.db #0x73	; 115	's'
      00021F 8C                     588 	.db #0x8c	; 140
      000220 FF                     589 	.db #0xff	; 255
      000221 00                     590 	.db #0x00	; 0
      000222 1E                     591 	.db #0x1e	; 30
      000223 E1                     592 	.db #0xe1	; 225
      000224 EF                     593 	.db #0xef	; 239
      000225 10                     594 	.db #0x10	; 16
      000226 FB                     595 	.db #0xfb	; 251
      000227 04                     596 	.db #0x04	; 4
      000228 FB                     597 	.db #0xfb	; 251
      000229 04                     598 	.db #0x04	; 4
      00022A FC                     599 	.db #0xfc	; 252
      00022B 03                     600 	.db #0x03	; 3
      00022C 3D                     601 	.db #0x3d	; 61
      00022D C2                     602 	.db #0xc2	; 194
      00022E DF                     603 	.db #0xdf	; 223
      00022F 20                     604 	.db #0x20	; 32
      000230 DF                     605 	.db #0xdf	; 223
      000231 20                     606 	.db #0x20	; 32
      000232 FF                     607 	.db #0xff	; 255
      000233 00                     608 	.db #0x00	; 0
      000234 F3                     609 	.db #0xf3	; 243
      000235 0C                     610 	.db #0x0c	; 12
      000236 ED                     611 	.db #0xed	; 237
      000237 12                     612 	.db #0x12	; 18
      000238 DF                     613 	.db #0xdf	; 223
      000239 20                     614 	.db #0x20	; 32
      00023A DF                     615 	.db #0xdf	; 223
      00023B 20                     616 	.db #0x20	; 32
      00023C DF                     617 	.db #0xdf	; 223
      00023D 20                     618 	.db #0x20	; 32
      00023E EE                     619 	.db #0xee	; 238
      00023F 11                     620 	.db #0x11	; 17
      000240 F0                     621 	.db #0xf0	; 240
      000241 0F                     622 	.db #0x0f	; 15
      000242 98                     623 	.db #0x98	; 152
      000243 67                     624 	.db #0x67	; 103	'g'
      000244 0B                     625 	.db #0x0b	; 11
      000245 F4                     626 	.db #0xf4	; 244
      000246 0E                     627 	.db #0x0e	; 14
      000247 F1                     628 	.db #0xf1	; 241
      000248 0C                     629 	.db #0x0c	; 12
      000249 F3                     630 	.db #0xf3	; 243
      00024A 08                     631 	.db #0x08	; 8
      00024B F7                     632 	.db #0xf7	; 247
      00024C 08                     633 	.db #0x08	; 8
      00024D F7                     634 	.db #0xf7	; 247
      00024E 98                     635 	.db #0x98	; 152
      00024F 67                     636 	.db #0x67	; 103	'g'
      000250 6C                     637 	.db #0x6c	; 108	'l'
      000251 93                     638 	.db #0x93	; 147
      000252 C4                     639 	.db #0xc4	; 196
      000253 3B                     640 	.db #0x3b	; 59
      000254 C6                     641 	.db #0xc6	; 198
      000255 39                     642 	.db #0x39	; 57	'9'
      000256 87                     643 	.db #0x87	; 135
      000257 78                     644 	.db #0x78	; 120	'x'
      000258 8C                     645 	.db #0x8c	; 140
      000259 73                     646 	.db #0x73	; 115	's'
      00025A C8                     647 	.db #0xc8	; 200
      00025B 37                     648 	.db #0x37	; 55	'7'
      00025C F8                     649 	.db #0xf8	; 248
      00025D 07                     650 	.db #0x07	; 7
      00025E F0                     651 	.db #0xf0	; 240
      00025F 0F                     652 	.db #0x0f	; 15
      000260 40                     653 	.db #0x40	; 64
      000261 BF                     654 	.db #0xbf	; 191
      000262 C1                     655 	.db #0xc1	; 193
      000263 3E                     656 	.db #0x3e	; 62
      000264 E1                     657 	.db #0xe1	; 225
      000265 1E                     658 	.db #0x1e	; 30
      000266 33                     659 	.db #0x33	; 51	'3'
      000267 CC                     660 	.db #0xcc	; 204
      000268 0F                     661 	.db #0x0f	; 15
      000269 F0                     662 	.db #0xf0	; 240
      00026A 0F                     663 	.db #0x0f	; 15
      00026B F0                     664 	.db #0xf0	; 240
      00026C 05                     665 	.db #0x05	; 5
      00026D FA                     666 	.db #0xfa	; 250
      00026E 04                     667 	.db #0x04	; 4
      00026F FB                     668 	.db #0xfb	; 251
      000270 08                     669 	.db #0x08	; 8
      000271 F7                     670 	.db #0xf7	; 247
      000272 08                     671 	.db #0x08	; 8
      000273 F7                     672 	.db #0xf7	; 247
      000274 3D                     673 	.db #0x3d	; 61
      000275 C2                     674 	.db #0xc2	; 194
      000276 F7                     675 	.db #0xf7	; 247
      000277 08                     676 	.db #0x08	; 8
      000278 E1                     677 	.db #0xe1	; 225
      000279 1E                     678 	.db #0x1e	; 30
      00027A 60                     679 	.db #0x60	; 96
      00027B 9F                     680 	.db #0x9f	; 159
      00027C 40                     681 	.db #0x40	; 64
      00027D BF                     682 	.db #0xbf	; 191
      00027E 40                     683 	.db #0x40	; 64
      00027F BF                     684 	.db #0xbf	; 191
      000280 00                     685 	.db #0x00	; 0
      000281 38                     686 	.db #0x38	; 56	'8'
      000282 00                     687 	.db #0x00	; 0
      000283 47                     688 	.db #0x47	; 71	'G'
      000284 00                     689 	.db #0x00	; 0
      000285 44                     690 	.db #0x44	; 68	'D'
      000286 0A                     691 	.db #0x0a	; 10
      000287 74                     692 	.db #0x74	; 116	't'
      000288 1C                     693 	.db #0x1c	; 28
      000289 83                     694 	.db #0x83	; 131
      00028A 14                     695 	.db #0x14	; 20
      00028B 88                     696 	.db #0x88	; 136
      00028C 00                     697 	.db #0x00	; 0
      00028D 88                     698 	.db #0x88	; 136
      00028E 00                     699 	.db #0x00	; 0
      00028F 77                     700 	.db #0x77	; 119	'w'
      000290 00                     701 	.db #0x00	; 0
      000291 06                     702 	.db #0x06	; 6
      000292 00                     703 	.db #0x00	; 0
      000293 33                     704 	.db #0x33	; 51	'3'
      000294 30                     705 	.db #0x30	; 48	'0'
      000295 4D                     706 	.db #0x4d	; 77	'M'
      000296 7C                     707 	.db #0x7c	; 124
      000297 83                     708 	.db #0x83	; 131
      000298 1C                     709 	.db #0x1c	; 28
      000299 63                     710 	.db #0x63	; 99	'c'
      00029A 06                     711 	.db #0x06	; 6
      00029B 19                     712 	.db #0x19	; 25
      00029C 0A                     713 	.db #0x0a	; 10
      00029D 05                     714 	.db #0x05	; 5
      00029E 1C                     715 	.db #0x1c	; 28
      00029F 03                     716 	.db #0x03	; 3
      0002A0 00                     717 	.db #0x00	; 0
      0002A1 00                     718 	.db #0x00	; 0
      0002A2 00                     719 	.db #0x00	; 0
      0002A3 00                     720 	.db #0x00	; 0
      0002A4 00                     721 	.db #0x00	; 0
      0002A5 80                     722 	.db #0x80	; 128
      0002A6 00                     723 	.db #0x00	; 0
      0002A7 9A                     724 	.db #0x9a	; 154
      0002A8 00                     725 	.db #0x00	; 0
      0002A9 25                     726 	.db #0x25	; 37
      0002AA 0A                     727 	.db #0x0a	; 10
      0002AB A5                     728 	.db #0xa5	; 165
      0002AC 04                     729 	.db #0x04	; 4
      0002AD B2                     730 	.db #0xb2	; 178
      0002AE 0A                     731 	.db #0x0a	; 10
      0002AF 45                     732 	.db #0x45	; 69	'E'
      0002B0 02                     733 	.db #0x02	; 2
      0002B1 45                     734 	.db #0x45	; 69	'E'
      0002B2 00                     735 	.db #0x00	; 0
      0002B3 39                     736 	.db #0x39	; 57	'9'
      0002B4 00                     737 	.db #0x00	; 0
      0002B5 66                     738 	.db #0x66	; 102	'f'
      0002B6 00                     739 	.db #0x00	; 0
      0002B7 C0                     740 	.db #0xc0	; 192
      0002B8 00                     741 	.db #0x00	; 0
      0002B9 F8                     742 	.db #0xf8	; 248
      0002BA 78                     743 	.db #0x78	; 120	'x'
      0002BB 84                     744 	.db #0x84	; 132
      0002BC C0                     745 	.db #0xc0	; 192
      0002BD 38                     746 	.db #0x38	; 56	'8'
      0002BE 20                     747 	.db #0x20	; 32
      0002BF C0                     748 	.db #0xc0	; 192
      0002C0 FF                     749 	.db #0xff	; 255
      0002C1 FF                     750 	.db #0xff	; 255
      0002C2 80                     751 	.db #0x80	; 128
      0002C3 80                     752 	.db #0x80	; 128
      0002C4 BF                     753 	.db #0xbf	; 191
      0002C5 BF                     754 	.db #0xbf	; 191
      0002C6 BF                     755 	.db #0xbf	; 191
      0002C7 A3                     756 	.db #0xa3	; 163
      0002C8 BF                     757 	.db #0xbf	; 191
      0002C9 A3                     758 	.db #0xa3	; 163
      0002CA BF                     759 	.db #0xbf	; 191
      0002CB A2                     760 	.db #0xa2	; 162
      0002CC BF                     761 	.db #0xbf	; 191
      0002CD A2                     762 	.db #0xa2	; 162
      0002CE BF                     763 	.db #0xbf	; 191
      0002CF A2                     764 	.db #0xa2	; 162
      0002D0 BF                     765 	.db #0xbf	; 191
      0002D1 A2                     766 	.db #0xa2	; 162
      0002D2 BF                     767 	.db #0xbf	; 191
      0002D3 A2                     768 	.db #0xa2	; 162
      0002D4 BF                     769 	.db #0xbf	; 191
      0002D5 A2                     770 	.db #0xa2	; 162
      0002D6 BF                     771 	.db #0xbf	; 191
      0002D7 A2                     772 	.db #0xa2	; 162
      0002D8 BF                     773 	.db #0xbf	; 191
      0002D9 A2                     774 	.db #0xa2	; 162
      0002DA BF                     775 	.db #0xbf	; 191
      0002DB BF                     776 	.db #0xbf	; 191
      0002DC 80                     777 	.db #0x80	; 128
      0002DD 80                     778 	.db #0x80	; 128
      0002DE FF                     779 	.db #0xff	; 255
      0002DF FF                     780 	.db #0xff	; 255
      0002E0 FF                     781 	.db #0xff	; 255
      0002E1 FF                     782 	.db #0xff	; 255
      0002E2 01                     783 	.db #0x01	; 1
      0002E3 01                     784 	.db #0x01	; 1
      0002E4 FD                     785 	.db #0xfd	; 253
      0002E5 FD                     786 	.db #0xfd	; 253
      0002E6 FD                     787 	.db #0xfd	; 253
      0002E7 FD                     788 	.db #0xfd	; 253
      0002E8 FD                     789 	.db #0xfd	; 253
      0002E9 FD                     790 	.db #0xfd	; 253
      0002EA FD                     791 	.db #0xfd	; 253
      0002EB 3D                     792 	.db #0x3d	; 61
      0002EC FD                     793 	.db #0xfd	; 253
      0002ED 3D                     794 	.db #0x3d	; 61
      0002EE FD                     795 	.db #0xfd	; 253
      0002EF 3D                     796 	.db #0x3d	; 61
      0002F0 FD                     797 	.db #0xfd	; 253
      0002F1 25                     798 	.db #0x25	; 37
      0002F2 FD                     799 	.db #0xfd	; 253
      0002F3 25                     800 	.db #0x25	; 37
      0002F4 FD                     801 	.db #0xfd	; 253
      0002F5 25                     802 	.db #0x25	; 37
      0002F6 FD                     803 	.db #0xfd	; 253
      0002F7 25                     804 	.db #0x25	; 37
      0002F8 FD                     805 	.db #0xfd	; 253
      0002F9 25                     806 	.db #0x25	; 37
      0002FA FD                     807 	.db #0xfd	; 253
      0002FB FD                     808 	.db #0xfd	; 253
      0002FC 01                     809 	.db #0x01	; 1
      0002FD 01                     810 	.db #0x01	; 1
      0002FE FF                     811 	.db #0xff	; 255
      0002FF FF                     812 	.db #0xff	; 255
      000300 FF                     813 	.db #0xff	; 255
      000301 FF                     814 	.db #0xff	; 255
      000302 80                     815 	.db #0x80	; 128
      000303 FF                     816 	.db #0xff	; 255
      000304 87                     817 	.db #0x87	; 135
      000305 FF                     818 	.db #0xff	; 255
      000306 84                     819 	.db #0x84	; 132
      000307 FC                     820 	.db #0xfc	; 252
      000308 FC                     821 	.db #0xfc	; 252
      000309 FC                     822 	.db #0xfc	; 252
      00030A 84                     823 	.db #0x84	; 132
      00030B 84                     824 	.db #0x84	; 132
      00030C 84                     825 	.db #0x84	; 132
      00030D 84                     826 	.db #0x84	; 132
      00030E 84                     827 	.db #0x84	; 132
      00030F 84                     828 	.db #0x84	; 132
      000310 84                     829 	.db #0x84	; 132
      000311 84                     830 	.db #0x84	; 132
      000312 84                     831 	.db #0x84	; 132
      000313 84                     832 	.db #0x84	; 132
      000314 87                     833 	.db #0x87	; 135
      000315 87                     834 	.db #0x87	; 135
      000316 87                     835 	.db #0x87	; 135
      000317 84                     836 	.db #0x84	; 132
      000318 FF                     837 	.db #0xff	; 255
      000319 FC                     838 	.db #0xfc	; 252
      00031A FF                     839 	.db #0xff	; 255
      00031B 80                     840 	.db #0x80	; 128
      00031C FF                     841 	.db #0xff	; 255
      00031D 80                     842 	.db #0x80	; 128
      00031E FF                     843 	.db #0xff	; 255
      00031F FF                     844 	.db #0xff	; 255
      000320 FF                     845 	.db #0xff	; 255
      000321 FF                     846 	.db #0xff	; 255
      000322 21                     847 	.db #0x21	; 33
      000323 E1                     848 	.db #0xe1	; 225
      000324 E1                     849 	.db #0xe1	; 225
      000325 E1                     850 	.db #0xe1	; 225
      000326 21                     851 	.db #0x21	; 33
      000327 21                     852 	.db #0x21	; 33
      000328 21                     853 	.db #0x21	; 33
      000329 21                     854 	.db #0x21	; 33
      00032A 21                     855 	.db #0x21	; 33
      00032B 21                     856 	.db #0x21	; 33
      00032C 21                     857 	.db #0x21	; 33
      00032D 21                     858 	.db #0x21	; 33
      00032E 21                     859 	.db #0x21	; 33
      00032F 21                     860 	.db #0x21	; 33
      000330 3F                     861 	.db #0x3f	; 63
      000331 3F                     862 	.db #0x3f	; 63
      000332 3F                     863 	.db #0x3f	; 63
      000333 21                     864 	.db #0x21	; 33
      000334 FF                     865 	.db #0xff	; 255
      000335 E1                     866 	.db #0xe1	; 225
      000336 FF                     867 	.db #0xff	; 255
      000337 01                     868 	.db #0x01	; 1
      000338 FF                     869 	.db #0xff	; 255
      000339 01                     870 	.db #0x01	; 1
      00033A FF                     871 	.db #0xff	; 255
      00033B 01                     872 	.db #0x01	; 1
      00033C FF                     873 	.db #0xff	; 255
      00033D 01                     874 	.db #0x01	; 1
      00033E FF                     875 	.db #0xff	; 255
      00033F FF                     876 	.db #0xff	; 255
      000340 8D                     877 	.db #0x8d	; 141
      000341 FF                     878 	.db #0xff	; 255
      000342 28                     879 	.db #0x28	; 40
      000343 DF                     880 	.db #0xdf	; 223
      000344 A8                     881 	.db #0xa8	; 168
      000345 57                     882 	.db #0x57	; 87	'W'
      000346 A8                     883 	.db #0xa8	; 168
      000347 57                     884 	.db #0x57	; 87	'W'
      000348 A9                     885 	.db #0xa9	; 169
      000349 56                     886 	.db #0x56	; 86	'V'
      00034A A9                     887 	.db #0xa9	; 169
      00034B 56                     888 	.db #0x56	; 86	'V'
      00034C 99                     889 	.db #0x99	; 153
      00034D 77                     890 	.db #0x77	; 119	'w'
      00034E CE                     891 	.db #0xce	; 206
      00034F FF                     892 	.db #0xff	; 255
      000350 44                     893 	.db #0x44	; 68	'D'
      000351 FF                     894 	.db #0xff	; 255
      000352 44                     895 	.db #0x44	; 68	'D'
      000353 BB                     896 	.db #0xbb	; 187
      000354 44                     897 	.db #0x44	; 68	'D'
      000355 BB                     898 	.db #0xbb	; 187
      000356 44                     899 	.db #0x44	; 68	'D'
      000357 BB                     900 	.db #0xbb	; 187
      000358 45                     901 	.db #0x45	; 69	'E'
      000359 BA                     902 	.db #0xba	; 186
      00035A 55                     903 	.db #0x55	; 85	'U'
      00035B AA                     904 	.db #0xaa	; 170
      00035C 59                     905 	.db #0x59	; 89	'Y'
      00035D AE                     906 	.db #0xae	; 174
      00035E 66                     907 	.db #0x66	; 102	'f'
      00035F FF                     908 	.db #0xff	; 255
      000360 00                     909 	.db #0x00	; 0
      000361 00                     910 	.db #0x00	; 0
      000362 00                     911 	.db #0x00	; 0
      000363 00                     912 	.db #0x00	; 0
      000364 00                     913 	.db #0x00	; 0
      000365 00                     914 	.db #0x00	; 0
      000366 00                     915 	.db #0x00	; 0
      000367 00                     916 	.db #0x00	; 0
      000368 00                     917 	.db #0x00	; 0
      000369 00                     918 	.db #0x00	; 0
      00036A 00                     919 	.db #0x00	; 0
      00036B 00                     920 	.db #0x00	; 0
      00036C 00                     921 	.db #0x00	; 0
      00036D 00                     922 	.db #0x00	; 0
      00036E 00                     923 	.db #0x00	; 0
      00036F 00                     924 	.db #0x00	; 0
                                    925 	.area _INITIALIZER
                                    926 	.area _CABS (ABS)
